<?xml version="1.0" encoding="UTF-8"?>
<!-- Generated by org.testng.reporters.JUnitReportReporter -->
<testsuite hostname="LAPTOP-03PI1659" failures="0" tests="1" name="TestNgTopic.Script1" time="47.164" errors="0" timestamp="2024-07-01T10:44:56 BST" skipped="0">
  <testcase classname="TestNgTopic.Script1" name="launch" time="47.164"/>
  <system-out/>
</testsuite> <!-- TestNgTopic.Script1 -->
