<?xml version="1.0" encoding="UTF-8"?>
<!-- Generated by org.testng.reporters.JUnitReportReporter -->
<testsuite hostname="LAPTOP-03PI1659" failures="0" tests="3" name="TestNgTopic.learningPriyority" time="0.025" errors="0" timestamp="2024-07-01T11:30:06 BST" skipped="0">
  <testcase classname="TestNgTopic.learningPriyority" name="login" time="0.016"/>
  <system-out>
login  </system-out>
  <testcase classname="TestNgTopic.learningPriyority" name="addCart" time="0.004"/>
  <system-out>
addtocart  </system-out>
  <testcase classname="TestNgTopic.learningPriyority" name="logout" time="0.005"/>
  <system-out>
logout  </system-out>
</testsuite> <!-- TestNgTopic.learningPriyority -->
