<?xml version="1.0" encoding="UTF-8"?>
<!-- Generated by org.testng.reporters.JUnitReportReporter -->
<testsuite hostname="LAPTOP-03PI1659" failures="0" tests="1" name="scripts_Vtiger.Script3" time="36.317" errors="0" timestamp="2024-07-15T10:57:31 BST" skipped="0">
  <testcase classname="scripts_Vtiger.Script3" name="script2" time="36.317">
    <system-out>
      <![CDATA[Test Script execution started
Test Script Passes]]>
    </system-out>
  </testcase> <!-- script2 -->
  <system-out>
    <![CDATA[Report Generation
Test Script execution started
Test Script Passes
Report]]>
  </system-out>
</testsuite> <!-- scripts_Vtiger.Script3 -->
