<?xml version="1.0" encoding="UTF-8"?>
<!-- Generated by org.testng.reporters.JUnitReportReporter -->
<testsuite hostname="LAPTOP-03PI1659" failures="0" tests="2" name="TestNgTopic.LearnEnable" time="14.410" errors="0" timestamp="2024-07-02T10:59:35 BST" skipped="1">
  <testcase classname="TestNgTopic.LearnEnable" name="amazonLaunch" time="14.410"/>
  <system-out/>
  <testcase classname="TestNgTopic.LearnEnable" name="DemoLaunch">
    <skipped/>
  </testcase> <!-- DemoLaunch -->
  <system-out/>
</testsuite> <!-- TestNgTopic.LearnEnable -->
