<?xml version="1.0" encoding="UTF-8"?>
<!-- Generated by org.testng.reporters.JUnitReportReporter -->
<testsuite hostname="LAPTOP-03PI1659" failures="0" tests="1" name="scripts_Vtiger.Script1" time="64.014" errors="0" timestamp="2024-07-13T12:45:01 BST" skipped="0">
  <testcase classname="scripts_Vtiger.Script1" name="script1" time="64.014">
    <system-out>
      <![CDATA[Test Script execution started
Test Script Passes]]>
    </system-out>
  </testcase> <!-- script1 -->
  <system-out>
    <![CDATA[Report Generation
Test Script execution started
Test Script Passes
Report]]>
  </system-out>
</testsuite> <!-- scripts_Vtiger.Script1 -->
