<?xml version="1.0" encoding="UTF-8"?>
<!-- Generated by org.testng.reporters.JUnitReportReporter -->
<testsuite hostname="LAPTOP-03PI1659" failures="0" tests="5" name="TestNgTopic.LearnInvocationCount" time="88.790" errors="0" timestamp="2024-07-02T10:14:40 BST" skipped="0">
  <testcase classname="TestNgTopic.LearnInvocationCount" name="login" time="28.030"/>
  <system-out/>
  <testcase classname="TestNgTopic.LearnInvocationCount" name="login" time="14.468"/>
  <system-out/>
  <testcase classname="TestNgTopic.LearnInvocationCount" name="login" time="19.227"/>
  <system-out/>
  <testcase classname="TestNgTopic.LearnInvocationCount" name="Amazonlogin" time="13.881"/>
  <system-out/>
  <testcase classname="TestNgTopic.LearnInvocationCount" name="Amazonlogin" time="13.184"/>
  <system-out/>
</testsuite> <!-- TestNgTopic.LearnInvocationCount -->
