<?xml version="1.0" encoding="UTF-8"?>
<!-- Generated by org.testng.reporters.JUnitReportReporter -->
<testsuite hostname="LAPTOP-03PI1659" failures="0" tests="1" name="scripts_Vtiger.Script5" time="27.105" errors="0" timestamp="2024-07-16T13:11:08 BST" skipped="0">
  <testcase classname="scripts_Vtiger.Script5" name="leadsScript5" time="27.105">
    <system-out>
      <![CDATA[Test Script execution started
Test Script Passes]]>
    </system-out>
  </testcase> <!-- leadsScript5 -->
  <system-out>
    <![CDATA[Report Generation
Test Script execution started
Test Script Passes
Report]]>
  </system-out>
</testsuite> <!-- scripts_Vtiger.Script5 -->
