<?xml version="1.0" encoding="UTF-8"?>
<!-- Generated by org.testng.reporters.JUnitReportReporter -->
<testsuite hostname="LAPTOP-03PI1659" failures="0" tests="1" name="scripts_Vtiger.Script2_Test" time="85.112" errors="0" timestamp="2024-07-16T12:59:06 BST" skipped="0">
  <testcase classname="scripts_Vtiger.Script2_Test" name="script2" time="85.112">
    <system-out>
      <![CDATA[Test Script execution started
Test Script Passes]]>
    </system-out>
  </testcase> <!-- script2 -->
  <system-out>
    <![CDATA[Report Generation
Test Script execution started
Test Script Passes
Report]]>
  </system-out>
</testsuite> <!-- scripts_Vtiger.Script2_Test -->
