<?xml version="1.0" encoding="UTF-8"?>
<!-- Generated by org.testng.reporters.JUnitReportReporter -->
<testsuite hostname="LAPTOP-03PI1659" failures="0" tests="1" name="TestNgTopic.LearningCrossBrowserTesting" time="14.997" errors="0" timestamp="2024-07-08T11:28:14 BST" skipped="0">
  <testcase classname="TestNgTopic.LearningCrossBrowserTesting" name="Launch" time="14.997"/>
</testsuite> <!-- TestNgTopic.LearningCrossBrowserTesting -->
