<?xml version="1.0" encoding="UTF-8"?>
<!-- Generated by org.testng.reporters.JUnitReportReporter -->
<testsuite hostname="LAPTOP-03PI1659" failures="0" tests="3" name="TestNgTopic.LeanThreadPoolSize" time="55.609" errors="0" timestamp="2024-07-02T10:41:03 BST" skipped="0">
  <testcase classname="TestNgTopic.LeanThreadPoolSize" name="launch" time="19.936"/>
  <system-out/>
  <testcase classname="TestNgTopic.LeanThreadPoolSize" name="launch" time="19.703"/>
  <system-out/>
  <testcase classname="TestNgTopic.LeanThreadPoolSize" name="launch" time="15.970"/>
  <system-out/>
</testsuite> <!-- TestNgTopic.LeanThreadPoolSize -->
